<?xml version="1.0" encoding="UTF-8"?>
<testsuite name="BanpoXi.Dong.DongApplicationTests" tests="1" skipped="0" failures="0" errors="0" timestamp="2021-03-03T04:55:28" hostname="Dongui-Macmini.local" time="0.328">
  <properties/>
  <testcase name="contextLoads()" classname="BanpoXi.Dong.DongApplicationTests" time="0.328"/>
  <system-out><![CDATA[13:55:27.132 [Test worker] DEBUG org.springframework.test.context.BootstrapUtils - Instantiating CacheAwareContextLoaderDelegate from class [org.springframework.test.context.cache.DefaultCacheAwareContextLoaderDelegate]
13:55:27.143 [Test worker] DEBUG org.springframework.test.context.BootstrapUtils - Instantiating BootstrapContext using constructor [public org.springframework.test.context.support.DefaultBootstrapContext(java.lang.Class,org.springframework.test.context.CacheAwareContextLoaderDelegate)]
13:55:27.165 [Test worker] DEBUG org.springframework.test.context.BootstrapUtils - Instantiating TestContextBootstrapper for test class [BanpoXi.Dong.DongApplicationTests] from class [org.springframework.boot.test.context.SpringBootTestContextBootstrapper]
13:55:27.178 [Test worker] INFO org.springframework.boot.test.context.SpringBootTestContextBootstrapper - Neither @ContextConfiguration nor @ContextHierarchy found for test class [BanpoXi.Dong.DongApplicationTests], using SpringBootContextLoader
13:55:27.181 [Test worker] DEBUG org.springframework.test.context.support.AbstractContextLoader - Did not detect default resource location for test class [BanpoXi.Dong.DongApplicationTests]: class path resource [BanpoXi/Dong/DongApplicationTests-context.xml] does not exist
13:55:27.181 [Test worker] DEBUG org.springframework.test.context.support.AbstractContextLoader - Did not detect default resource location for test class [BanpoXi.Dong.DongApplicationTests]: class path resource [BanpoXi/Dong/DongApplicationTestsContext.groovy] does not exist
13:55:27.182 [Test worker] INFO org.springframework.test.context.support.AbstractContextLoader - Could not detect default resource locations for test class [BanpoXi.Dong.DongApplicationTests]: no resource found for suffixes {-context.xml, Context.groovy}.
13:55:27.182 [Test worker] INFO org.springframework.test.context.support.AnnotationConfigContextLoaderUtils - Could not detect default configuration classes for test class [BanpoXi.Dong.DongApplicationTests]: DongApplicationTests does not declare any static, non-private, non-final, nested classes annotated with @Configuration.
13:55:27.215 [Test worker] DEBUG org.springframework.test.context.support.ActiveProfilesUtils - Could not find an 'annotation declaring class' for annotation type [org.springframework.test.context.ActiveProfiles] and class [BanpoXi.Dong.DongApplicationTests]
13:55:27.260 [Test worker] DEBUG org.springframework.context.annotation.ClassPathScanningCandidateComponentProvider - Identified candidate component class: file [/Users/dong/Workspace/Dong/build/classes/java/main/BanpoXi/Dong/DongApplication.class]
13:55:27.261 [Test worker] INFO org.springframework.boot.test.context.SpringBootTestContextBootstrapper - Found @SpringBootConfiguration BanpoXi.Dong.DongApplication for test class BanpoXi.Dong.DongApplicationTests
13:55:27.340 [Test worker] DEBUG org.springframework.boot.test.context.SpringBootTestContextBootstrapper - @TestExecutionListeners is not present for class [BanpoXi.Dong.DongApplicationTests]: using defaults.
13:55:27.341 [Test worker] INFO org.springframework.boot.test.context.SpringBootTestContextBootstrapper - Loaded default TestExecutionListener class names from location [META-INF/spring.factories]: [org.springframework.boot.test.autoconfigure.restdocs.RestDocsTestExecutionListener, org.springframework.boot.test.autoconfigure.web.client.MockRestServiceServerResetTestExecutionListener, org.springframework.boot.test.autoconfigure.web.servlet.MockMvcPrintOnlyOnFailureTestExecutionListener, org.springframework.boot.test.autoconfigure.web.servlet.WebDriverTestExecutionListener, org.springframework.boot.test.autoconfigure.webservices.client.MockWebServiceServerTestExecutionListener, org.springframework.boot.test.mock.mockito.MockitoTestExecutionListener, org.springframework.boot.test.mock.mockito.ResetMocksTestExecutionListener, org.springframework.test.context.web.ServletTestExecutionListener, org.springframework.test.context.support.DirtiesContextBeforeModesTestExecutionListener, org.springframework.test.context.support.DependencyInjectionTestExecutionListener, org.springframework.test.context.support.DirtiesContextTestExecutionListener, org.springframework.test.context.transaction.TransactionalTestExecutionListener, org.springframework.test.context.jdbc.SqlScriptsTestExecutionListener, org.springframework.test.context.event.EventPublishingTestExecutionListener]
13:55:27.351 [Test worker] DEBUG org.springframework.boot.test.context.SpringBootTestContextBootstrapper - Skipping candidate TestExecutionListener [org.springframework.test.context.transaction.TransactionalTestExecutionListener] due to a missing dependency. Specify custom listener classes or make the default listener classes and their required dependencies available. Offending class: [org/springframework/transaction/TransactionDefinition]
13:55:27.352 [Test worker] DEBUG org.springframework.boot.test.context.SpringBootTestContextBootstrapper - Skipping candidate TestExecutionListener [org.springframework.test.context.jdbc.SqlScriptsTestExecutionListener] due to a missing dependency. Specify custom listener classes or make the default listener classes and their required dependencies available. Offending class: [org/springframework/transaction/interceptor/TransactionAttribute]
13:55:27.352 [Test worker] INFO org.springframework.boot.test.context.SpringBootTestContextBootstrapper - Using TestExecutionListeners: [org.springframework.test.context.web.ServletTestExecutionListener@7a4718c2, org.springframework.test.context.support.DirtiesContextBeforeModesTestExecutionListener@69e76aff, org.springframework.boot.test.mock.mockito.MockitoTestExecutionListener@1e65dba4, org.springframework.boot.test.autoconfigure.SpringBootDependencyInjectionTestExecutionListener@7042791e, org.springframework.test.context.support.DirtiesContextTestExecutionListener@3281fedc, org.springframework.test.context.event.EventPublishingTestExecutionListener@6063dae1, org.springframework.boot.test.autoconfigure.restdocs.RestDocsTestExecutionListener@50eb95b2, org.springframework.boot.test.autoconfigure.web.client.MockRestServiceServerResetTestExecutionListener@33029c38, org.springframework.boot.test.autoconfigure.web.servlet.MockMvcPrintOnlyOnFailureTestExecutionListener@e48f39a, org.springframework.boot.test.autoconfigure.web.servlet.WebDriverTestExecutionListener@70829460, org.springframework.boot.test.autoconfigure.webservices.client.MockWebServiceServerTestExecutionListener@7cc8d9c7, org.springframework.boot.test.mock.mockito.ResetMocksTestExecutionListener@5b0c693a]
13:55:27.354 [Test worker] DEBUG org.springframework.test.context.support.AbstractDirtiesContextTestExecutionListener - Before test class: context [DefaultTestContext@5ab5c66e testClass = DongApplicationTests, testInstance = [null], testMethod = [null], testException = [null], mergedContextConfiguration = [WebMergedContextConfiguration@75439a73 testClass = DongApplicationTests, locations = '{}', classes = '{class BanpoXi.Dong.DongApplication}', contextInitializerClasses = '[]', activeProfiles = '{}', propertySourceLocations = '{}', propertySourceProperties = '{org.springframework.boot.test.context.SpringBootTestContextBootstrapper=true}', contextCustomizers = set[org.springframework.boot.test.autoconfigure.properties.PropertyMappingContextCustomizer@0, org.springframework.boot.test.autoconfigure.web.servlet.WebDriverContextCustomizerFactory$Customizer@2276a763, org.springframework.boot.test.context.filter.ExcludeFilterContextCustomizer@1d763534, org.springframework.boot.test.json.DuplicateJsonObjectContextCustomizerFactory$DuplicateJsonObjectContextCustomizer@4cd071b3, org.springframework.boot.test.mock.mockito.MockitoContextCustomizer@0, org.springframework.boot.test.web.client.TestRestTemplateContextCustomizer@393c199, org.springframework.boot.test.context.SpringBootTestArgs@1, org.springframework.boot.test.context.SpringBootTestWebEnvironment@3aa4a4b], resourceBasePath = 'src/main/webapp', contextLoader = 'org.springframework.boot.test.context.SpringBootContextLoader', parent = [null]], attributes = map['org.springframework.test.context.web.ServletTestExecutionListener.activateListener' -> true]], class annotated with @DirtiesContext [false] with mode [null].
13:55:27.375 [Test worker] DEBUG org.springframework.test.context.support.TestPropertySourceUtils - Adding inlined properties to environment: {spring.jmx.enabled=false, org.springframework.boot.test.context.SpringBootTestContextBootstrapper=true}

  .   ____          _            __ _ _
 /\\ / ___'_ __ _ _(_)_ __  __ _ \ \ \ \
( ( )\___ | '_ | '_| | '_ \/ _` | \ \ \ \
 \\/  ___)| |_)| | | | | || (_| |  ) ) ) )
  '  |____| .__|_| |_|_| |_\__, | / / / /
 =========|_|==============|___/=/_/_/_/
 :: Spring Boot ::  (v2.3.10.BUILD-SNAPSHOT)

2021-03-03 13:55:27.581  INFO 4951 --- [    Test worker] BanpoXi.Dong.DongApplicationTests        : Starting DongApplicationTests on Dongui-Macmini.local with PID 4951 (started by dong in /Users/dong/Workspace/Dong)
2021-03-03 13:55:27.583  INFO 4951 --- [    Test worker] BanpoXi.Dong.DongApplicationTests        : No active profile set, falling back to default profiles: default
2021-03-03 13:55:28.370  INFO 4951 --- [    Test worker] o.s.s.concurrent.ThreadPoolTaskExecutor  : Initializing ExecutorService 'applicationTaskExecutor'
2021-03-03 13:55:28.473  INFO 4951 --- [    Test worker] o.s.b.a.w.s.WelcomePageHandlerMapping    : Adding welcome page: class path resource [static/index.html]
2021-03-03 13:55:28.644  INFO 4951 --- [    Test worker] BanpoXi.Dong.DongApplicationTests        : Started DongApplicationTests in 1.26 seconds (JVM running for 2.157)
]]></system-out>
  <system-err><![CDATA[]]></system-err>
</testsuite>
